=== Phase: cross-scene + TTA ===
[SKIP] cross_S1_PaviaC2U_famssm_s42
[SKIP] cross_S1_PaviaC2U_s2mamba_s42
[SKIP] cross_S1_PaviaC2U_spectralformer_s42
[RUN ] cross_S1_PaviaC2U_hybridsn_s42
{
  "tag": "cross_S1_PaviaC2U_hybridsn_s42",
  "pair": "S1_PaviaC2U",
  "model": "hybridsn",
  "seed": 42,
  "src_epochs_run": 30,
  "src_best_va_oa": 0.9944639481501485,
  "src_ckpt": "/root/freqtta-hsi/checkpoints/cross_S1_PaviaC2U_hybridsn_s42_src.pt",
  "tta": {
    "source_only": {
      "OA": 0.176,
      "AA": 0.1244640244399985,
      "kappa": 0.03801323394920397,
      "per_class": [
        0.007832898172323759,
        0.24068901303538176,
        0.0,
        0.0,
        0.0,
        0.0016778523489932886,
        0.0783132530120482,
        0.7444933920704846,
        0.04716981132075472
      ]
    },
    "tent": {
      "error": "optimizer got an empty parameter list"
    },
    "eata": {
      "error": "optimizer got an empty parameter list"
    },
    "cotta_lite": {
      "error": "optimizer got an empty parameter list"
    }
  }
}
[SKIP] cross_S2_PaviaC_noise_famssm_s42
[RUN ] cross_S2_PaviaC_noise_s2mamba_s42
{
  "tag": "cross_S2_PaviaC_noise_s2mamba_s42",
  "pair": "S2_PaviaC_noise",
  "model": "s2mamba",
  "seed": 42,
  "src_epochs_run": 30,
  "src_best_va_oa": 0.9936537942209019,
  "src_ckpt": "/root/freqtta-hsi/checkpoints/cross_S2_PaviaC_noise_s2mamba_s42_src.pt",
  "tta": {
    "source_only": {
      "OA": 0.9922,
      "AA": 0.9794817909595063,
      "kappa": 0.9889840665538635,
      "per_class": [
        1.0,
        0.9818840579710145,
        0.9568965517241379,
        0.9583333333333334,
        0.9854368932038835,
        0.9711538461538461,
        0.9650655021834061,
        0.9965659340659341,
        1.0
      ]
    },
    "tent": {
      "OA": 0.9922,
      "AA": 0.9794817909595063,
      "kappa": 0.9889840665538635,
      "per_class": [
        1.0,
        0.9818840579710145,
        0.9568965517241379,
        0.9583333333333334,
        0.9854368932038835,
        0.9711538461538461,
        0.9650655021834061,
        0.9965659340659341,
        1.0
      ]
    },
    "eata": {
      "OA": 0.9922,
      "AA": 0.9794817909595063,
      "kappa": 0.9889840665538635,
      "per_class": [
        1.0,
        0.9818840579710145,
        0.9568965517241379,
        0.9583333333333334,
        0.9854368932038835,
        0.9711538461538461,
        0.9650655021834061,
        0.9965659340659341,
        1.0
      ]
    },
    "cotta_lite": {
      "OA": 0.9922,
      "AA": 0.9794817909595063,
      "kappa": 0.9889840665538635,
      "per_class": [
        1.0,
        0.9818840579710145,
        0.9568965517241379,
        0.9583333333333334,
        0.9854368932038835,
        0.9711538461538461,
        0.9650655021834061,
        0.9965659340659341,
        1.0
      ]
    },
    "smtta": {
      "OA": 0.9922,
      "AA": 0.9794817909595063,
      "kappa": 0.9889840665538635,
      "per_class": [
        1.0,
        0.9818840579710145,
        0.9568965517241379,
        0.9583333333333334,
        0.9854368932038835,
        0.9711538461538461,
        0.9650655021834061,
        0.9965659340659341,
        1.0
      ]
    },
    "phitta": {
      "OA": 0.9922,
      "AA": 0.9794817909595063,
      "kappa": 0.9889840665538635,
      "per_class": [
        1.0,
        0.9818840579710145,
        0.9568965517241379,
        0.9583333333333334,
        0.9854368932038835,
        0.9711538461538461,
        0.9650655021834061,
        0.9965659340659341,
        1.0
      ]
    }
  }
}
[RUN ] cross_S2_PaviaC_noise_spectralformer_s42
/root/freqtta-hsi/scripts/run_fast.sh: line 10: 146933 Killed                  "$@"
[FAIL] cross_S2_PaviaC_noise_spectralformer_s42 (exit=137)
[RUN ] cross_S2_PaviaC_noise_hybridsn_s42
/root/freqtta-hsi/scripts/run_fast.sh: line 10: 147836 Killed                  "$@"
[FAIL] cross_S2_PaviaC_noise_hybridsn_s42 (exit=137)
[RUN ] cross_S1_PaviaC2U_famssm_s43
/root/freqtta-hsi/scripts/run_fast.sh: line 10: 147996 Killed                  "$@"
[FAIL] cross_S1_PaviaC2U_famssm_s43 (exit=137)
[RUN ] cross_S1_PaviaC2U_s2mamba_s43
{
  "tag": "cross_S1_PaviaC2U_s2mamba_s43",
  "pair": "S1_PaviaC2U",
  "model": "s2mamba",
  "seed": 43,
  "src_epochs_run": 30,
  "src_best_va_oa": 0.9955441533891439,
  "src_ckpt": "/root/freqtta-hsi/checkpoints/cross_S1_PaviaC2U_s2mamba_s43_src.pt",
  "tta": {
    "source_only": {
      "OA": 0.1556,
      "AA": 0.1509451632501603,
      "kappa": 0.02185135875318156,
      "per_class": [
        0.0,
        0.2813975448536355,
        0.0,
        0.0,
        0.005376344086021506,
        0.0017241379310344827,
        0.0,
        0.19174757281553398,
        0.8782608695652174
      ]
    },
    "tent": {
      "OA": 0.1568,
      "AA": 0.15125992560458273,
      "kappa": 0.02275574442763295,
      "per_class": [
        0.0,
        0.2842304060434372,
        0.0,
        0.0,
        0.005376344086021506,
        0.0017241379310344827,
        0.0,
        0.19174757281553398,
        0.8782608695652174
      ]
    },
    "eata": {
      "OA": 0.1568,
      "AA": 0.15125992560458273,
      "kappa": 0.02275574442763295,
      "per_class": [
        0.0,
        0.2842304060434372,
        0.0,
        0.0,
        0.005376344086021506,
        0.0017241379310344827,
        0.0,
        0.19174757281553398,
        0.8782608695652174
      ]
    },
    "cotta_lite": {
      "OA": 0.1568,
      "AA": 0.15125992560458273,
      "kappa": 0.02275574442763295,
      "per_class": [
        0.0,
        0.2842304060434372,
        0.0,
        0.0,
        0.005376344086021506,
        0.0017241379310344827,
        0.0,
        0.19174757281553398,
        0.8782608695652174
      ]
    },
    "smtta": {
      "OA": 0.157,
      "AA": 0.15131238599698646,
      "kappa": 0.022903286063179262,
      "per_class": [
        0.0,
        0.2847025495750708,
        0.0,
        0.0,
        0.005376344086021506,
        0.0017241379310344827,
        0.0,
        0.19174757281553398,
        0.8782608695652174
      ]
    },
    "phitta": {
      "OA": 0.157,
      "AA": 0.15131238599698646,
      "kappa": 0.022903286063179262,
      "per_class": [
        0.0,
        0.2847025495750708,
        0.0,
        0.0,
        0.005376344086021506,
        0.0017241379310344827,
        0.0,
        0.19174757281553398,
        0.8782608695652174
      ]
    }
  }
}
[RUN ] cross_S1_PaviaC2U_spectralformer_s43
{
  "tag": "cross_S1_PaviaC2U_spectralformer_s43",
  "pair": "S1_PaviaC2U",
  "model": "spectralformer",
  "seed": 43,
  "src_epochs_run": 30,
  "src_best_va_oa": 0.9847421009991898,
  "src_ckpt": "/root/freqtta-hsi/checkpoints/cross_S1_PaviaC2U_spectralformer_s43_src.pt",
  "tta": {
    "source_only": {
      "OA": 0.1318,
      "AA": 0.17780241645738984,
      "kappa": 0.01206824298487652,
      "per_class": [
        0.11543134872417983,
        0.11898016997167139,
        0.0,
        0.0,
        0.0,
        0.2637931034482759,
        0.7428571428571429,
        0.04611650485436893,
        0.3130434782608696
      ]
    },
    "tent": {
      "OA": 0.1318,
      "AA": 0.17771986942438517,
      "kappa": 0.012031053859942964,
      "per_class": [
        0.11421628189550426,
        0.119452313503305,
        0.0,
        0.0,
        0.0,
        0.2637931034482759,
        0.7428571428571429,
        0.04611650485436893,
        0.3130434782608696
      ]
    },
    "eata": {
      "OA": 0.1318,
      "AA": 0.17771986942438517,
      "kappa": 0.012031053859942964,
      "per_class": [
        0.11421628189550426,
        0.119452313503305,
        0.0,
        0.0,
        0.0,
        0.2637931034482759,
        0.7428571428571429,
        0.04611650485436893,
        0.3130434782608696
      ]
    },
    "cotta_lite": {
      "OA": 0.1318,
      "AA": 0.17771986942438517,
      "kappa": 0.012031053859942964,
      "per_class": [
        0.11421628189550426,
        0.119452313503305,
        0.0,
        0.0,
        0.0,
        0.2637931034482759,
        0.7428571428571429,
        0.04611650485436893,
        0.3130434782608696
      ]
    }
  }
}
[RUN ] cross_S1_PaviaC2U_hybridsn_s43
{
  "tag": "cross_S1_PaviaC2U_hybridsn_s43",
  "pair": "S1_PaviaC2U",
  "model": "hybridsn",
  "seed": 43,
  "src_epochs_run": 30,
  "src_best_va_oa": 0.9958142046988928,
  "src_ckpt": "/root/freqtta-hsi/checkpoints/cross_S1_PaviaC2U_hybridsn_s43_src.pt",
  "tta": {
    "source_only": {
      "OA": 0.1946,
      "AA": 0.13745325346521034,
      "kappa": 0.05590783897515339,
      "per_class": [
        0.11543134872417983,
        0.27101038715769593,
        0.0,
        0.0,
        0.0,
        0.015517241379310345,
        0.0,
        0.6699029126213593,
        0.16521739130434782
      ]
    },
    "tent": {
      "error": "optimizer got an empty parameter list"
    },
    "eata": {
      "error": "optimizer got an empty parameter list"
    },
    "cotta_lite": {
      "error": "optimizer got an empty parameter list"
    }
  }
}
[RUN ] cross_S2_PaviaC_noise_famssm_s43
{
  "tag": "cross_S2_PaviaC_noise_famssm_s43",
  "pair": "S2_PaviaC_noise",
  "model": "famssm",
  "seed": 43,
  "src_epochs_run": 30,
  "src_best_va_oa": 0.9941938968403997,
  "src_ckpt": "/root/freqtta-hsi/checkpoints/cross_S2_PaviaC_noise_famssm_s43_src.pt",
  "tta": {
    "source_only": {
      "OA": 0.9188,
      "AA": 0.8952180668587355,
      "kappa": 0.8881979066682734,
      "per_class": [
        0.917377638078132,
        0.896414342629482,
        0.8376068376068376,
        0.8876404494382022,
        0.8421052631578947,
        0.9358974358974359,
        0.7777777777777778,
        0.9621428571428572,
        1.0
      ]
    },
    "tent": {
      "OA": 0.9198,
      "AA": 0.8958728231993791,
      "kappa": 0.8895330072619514,
      "per_class": [
        0.918724741805119,
        0.896414342629482,
        0.8376068376068376,
        0.8876404494382022,
        0.8421052631578947,
        0.9358974358974359,
        0.7816091954022989,
        0.9628571428571429,
        1.0
      ]
    },
    "eata": {
      "OA": 0.9198,
      "AA": 0.8958728231993791,
      "kappa": 0.8895330072619514,
      "per_class": [
        0.918724741805119,
        0.896414342629482,
        0.8376068376068376,
        0.8876404494382022,
        0.8421052631578947,
        0.9358974358974359,
        0.7816091954022989,
        0.9628571428571429,
        1.0
      ]
    },
    "cotta_lite": {
      "OA": 0.9198,
      "AA": 0.8958728231993791,
      "kappa": 0.8895330072619514,
      "per_class": [
        0.918724741805119,
        0.896414342629482,
        0.8376068376068376,
        0.8876404494382022,
        0.8421052631578947,
        0.9358974358974359,
        0.7816091954022989,
        0.9628571428571429,
        1.0
      ]
    },
    "smtta": {
      "OA": 0.9202,
      "AA": 0.8960315533581095,
      "kappa": 0.8900697679518824,
      "per_class": [
        0.918724741805119,
        0.896414342629482,
        0.8376068376068376,
        0.8876404494382022,
        0.8421052631578947,
        0.9358974358974359,
        0.7816091954022989,
        0.9642857142857143,
        1.0
      ]
    },
    "phitta": {
      "OA": 0.9234,
      "AA": 0.8956452797992998,
      "kappa": 0.8943165248227029,
      "per_class": [
        0.9209699146834306,
        0.896414342629482,
        0.8376068376068376,
        0.8764044943820225,
        0.8464912280701754,
        0.9294871794871795,
        0.789272030651341,
        0.9728571428571429,
        0.991304347826087
      ]
    }
  }
}
[RUN ] cross_S2_PaviaC_noise_s2mamba_s43
{
  "tag": "cross_S2_PaviaC_noise_s2mamba_s43",
  "pair": "S2_PaviaC_noise",
  "model": "s2mamba",
  "seed": 43,
  "src_epochs_run": 30,
  "src_best_va_oa": 0.9955441533891439,
  "src_ckpt": "/root/freqtta-hsi/checkpoints/cross_S2_PaviaC_noise_s2mamba_s43_src.pt",
  "tta": {
    "source_only": {
      "OA": 0.9278,
      "AA": 0.8809077782753444,
      "kappa": 0.8998991282683697,
      "per_class": [
        0.9362370902559497,
        0.9721115537848606,
        0.6752136752136753,
        0.8202247191011236,
        0.8552631578947368,
        0.8076923076923077,
        0.896551724137931,
        0.9735714285714285,
        0.991304347826087
      ]
    },
    "tent": {
      "OA": 0.9488,
      "AA": 0.8839756503186794,
      "kappa": 0.9281533226057264,
      "per_class": [
        0.9847328244274809,
        0.9721115537848606,
        0.6666666666666666,
        0.8202247191011236,
        0.8508771929824561,
        0.8108974358974359,
        0.9042145593869731,
        0.9721428571428572,
        0.9739130434782609
      ]
    },
    "eata": {
      "OA": 0.9478,
      "AA": 0.8809973896596824,
      "kappa": 0.9267624860280501,
      "per_class": [
        0.9842837898518186,
        0.9721115537848606,
        0.6410256410256411,
        0.8202247191011236,
        0.8508771929824561,
        0.8108974358974359,
        0.9042145593869731,
        0.9714285714285714,
        0.9739130434782609
      ]
    },
    "cotta_lite": {
      "OA": 0.9488,
      "AA": 0.8839756503186794,
      "kappa": 0.9281533226057264,
      "per_class": [
        0.9847328244274809,
        0.9721115537848606,
        0.6666666666666666,
        0.8202247191011236,
        0.8508771929824561,
        0.8108974358974359,
        0.9042145593869731,
        0.9721428571428572,
        0.9739130434782609
      ]
    },
    "smtta": {
      "OA": 0.9474,
      "AA": 0.8778263972526962,
      "kappa": 0.9261282228669384,
      "per_class": [
        0.9856308935788056,
        0.9721115537848606,
        0.6666666666666666,
        0.8202247191011236,
        0.8464912280701754,
        0.8108974358974359,
        0.896551724137931,
        0.9714285714285714,
        0.9304347826086956
      ]
    },
    "phitta": {
      "OA": 0.9474,
      "AA": 0.8781727452427224,
      "kappa": 0.9261338745164507,
      "per_class": [
        0.9856308935788056,
        0.9721115537848606,
        0.6666666666666666,
        0.8202247191011236,
        0.8464912280701754,
        0.8108974358974359,
        0.9003831417624522,
        0.9707142857142858,
        0.9304347826086956
      ]
    }
  }
}
[RUN ] cross_S2_PaviaC_noise_spectralformer_s43
{
  "tag": "cross_S2_PaviaC_noise_spectralformer_s43",
  "pair": "S2_PaviaC_noise",
  "model": "spectralformer",
  "seed": 43,
  "src_epochs_run": 30,
  "src_best_va_oa": 0.9847421009991898,
  "src_ckpt": "/root/freqtta-hsi/checkpoints/cross_S2_PaviaC_noise_spectralformer_s43_src.pt",
  "tta": {
    "source_only": {
      "OA": 0.8052,
      "AA": 0.6470313286554742,
      "kappa": 0.7292923217685938,
      "per_class": [
        0.9321957790749887,
        0.8007968127490039,
        0.8632478632478633,
        0.0449438202247191,
        0.7368421052631579,
        0.5769230769230769,
        0.36398467432950193,
        0.8,
        0.7043478260869566
      ]
    },
    "tent": {
      "OA": 0.823,
      "AA": 0.6405437473119442,
      "kappa": 0.7510487738491055,
      "per_class": [
        0.9645262685226762,
        0.7928286852589641,
        0.8547008547008547,
        0.0449438202247191,
        0.7105263157894737,
        0.5673076923076923,
        0.36015325670498083,
        0.8264285714285714,
        0.6434782608695652
      ]
    },
    "eata": {
      "OA": 0.8236,
      "AA": 0.6431772857362714,
      "kappa": 0.752023677971313,
      "per_class": [
        0.9645262685226762,
        0.7928286852589641,
        0.8547008547008547,
        0.0449438202247191,
        0.7192982456140351,
        0.5673076923076923,
        0.367816091954023,
        0.825,
        0.6521739130434783
      ]
    },
    "cotta_lite": {
      "OA": 0.8232,
      "AA": 0.6374219757629176,
      "kappa": 0.7509305448974741,
      "per_class": [
        0.9667714414009879,
        0.7848605577689243,
        0.8547008547008547,
        0.0449438202247191,
        0.7105263157894737,
        0.5608974358974359,
        0.36015325670498083,
        0.8278571428571428,
        0.6260869565217392
      ]
    }
  }
}
[RUN ] cross_S2_PaviaC_noise_hybridsn_s43
{
  "tag": "cross_S2_PaviaC_noise_hybridsn_s43",
  "pair": "S2_PaviaC_noise",
  "model": "hybridsn",
  "seed": 43,
  "src_epochs_run": 30,
  "src_best_va_oa": 0.9958142046988928,
  "src_ckpt": "/root/freqtta-hsi/checkpoints/cross_S2_PaviaC_noise_hybridsn_s43_src.pt",
  "tta": {
    "source_only": {
      "OA": 0.4618,
      "AA": 0.6089006131427958,
      "kappa": 0.37921062905825775,
      "per_class": [
        0.0,
        0.8685258964143426,
        0.4700854700854701,
        0.9101123595505618,
        0.7456140350877193,
        0.6153846153846154,
        0.9003831417624522,
        0.97,
        0.0
      ]
    },
    "tent": {
      "error": "optimizer got an empty parameter list"
    },
    "eata": {
      "error": "optimizer got an empty parameter list"
    },
    "cotta_lite": {
      "error": "optimizer got an empty parameter list"
    }
  }
}
[RUN ] cross_S1_PaviaC2U_famssm_s44
{
  "tag": "cross_S1_PaviaC2U_famssm_s44",
  "pair": "S1_PaviaC2U",
  "model": "famssm",
  "seed": 44,
  "src_epochs_run": 30,
  "src_best_va_oa": 0.9941938968403997,
  "src_ckpt": "/root/freqtta-hsi/checkpoints/cross_S1_PaviaC2U_famssm_s44_src.pt",
  "tta": {
    "source_only": {
      "OA": 0.1706,
      "AA": 0.15449799563730793,
      "kappa": 0.019508494527287534,
      "per_class": [
        0.0,
        0.3145910780669145,
        0.0,
        0.0,
        0.0,
        0.0,
        0.19727891156462585,
        0.15931372549019607,
        0.7192982456140351
      ]
    },
    "tent": {
      "OA": 0.1714,
      "AA": 0.15056531754204758,
      "kappa": 0.019385352727301686,
      "per_class": [
        0.0,
        0.32063197026022305,
        0.0,
        0.0,
        0.0,
        0.0,
        0.17687074829931973,
        0.14705882352941177,
        0.7105263157894737
      ]
    },
    "eata": {
      "OA": 0.1722,
      "AA": 0.15077184377087863,
      "kappa": 0.019856954528135407,
      "per_class": [
        0.0,
        0.3224907063197026,
        0.0,
        0.0,
        0.0,
        0.0,
        0.17687074829931973,
        0.14705882352941177,
        0.7105263157894737
      ]
    },
    "cotta_lite": {
      "OA": 0.1714,
      "AA": 0.15056531754204758,
      "kappa": 0.019365112878342194,
      "per_class": [
        0.0,
        0.32063197026022305,
        0.0,
        0.0,
        0.0,
        0.0,
        0.17687074829931973,
        0.14705882352941177,
        0.7105263157894737
      ]
    },
    "smtta": {
      "OA": 0.1688,
      "AA": 0.15218345974447084,
      "kappa": 0.01755280440923057,
      "per_class": [
        0.0,
        0.31226765799256506,
        0.0,
        0.0,
        0.006802721088435374,
        0.0,
        0.17687074829931973,
        0.15441176470588236,
        0.7192982456140351
      ]
    },
    "phitta": {
      "OA": 0.1666,
      "AA": 0.14571071151128334,
      "kappa": 0.0132130932579696,
      "per_class": [
        0.0,
        0.3150557620817844,
        0.0,
        0.0,
        0.013605442176870748,
        0.0,
        0.14965986394557823,
        0.12254901960784313,
        0.7105263157894737
      ]
    }
  }
}
[RUN ] cross_S1_PaviaC2U_s2mamba_s44
{
  "tag": "cross_S1_PaviaC2U_s2mamba_s44",
  "pair": "S1_PaviaC2U",
  "model": "s2mamba",
  "seed": 44,
  "src_epochs_run": 30,
  "src_best_va_oa": 0.992708614636781,
  "src_ckpt": "/root/freqtta-hsi/checkpoints/cross_S1_PaviaC2U_s2mamba_s44_src.pt",
  "tta": {
    "source_only": {
      "OA": 0.1232,
      "AA": 0.1752825890258779,
      "kappa": 0.005036277593789218,
      "per_class": [
        0.0025284450063211127,
        0.19656133828996283,
        0.0,
        0.0,
        0.0,
        0.0016501650165016502,
        0.564625850340136,
        0.049019607843137254,
        0.7631578947368421
      ]
    },
    "tent": {
      "OA": 0.1178,
      "AA": 0.1716843667677366,
      "kappa": 0.0014355693675839332,
      "per_class": [
        0.0025284450063211127,
        0.18726765799256506,
        0.0,
        0.0,
        0.0,
        0.0,
        0.54421768707483,
        0.0392156862745098,
        0.7719298245614035
      ]
    },
    "eata": {
      "OA": 0.1168,
      "AA": 0.17142620898169778,
      "kappa": 0.0008297909476174814,
      "per_class": [
        0.0025284450063211127,
        0.18494423791821563,
        0.0,
        0.0,
        0.0,
        0.0,
        0.54421768707483,
        0.0392156862745098,
        0.7719298245614035
      ]
    },
    "cotta_lite": {
      "OA": 0.1178,
      "AA": 0.1716843667677366,
      "kappa": 0.0014355693675839332,
      "per_class": [
        0.0025284450063211127,
        0.18726765799256506,
        0.0,
        0.0,
        0.0,
        0.0,
        0.54421768707483,
        0.0392156862745098,
        0.7719298245614035
      ]
    },
    "smtta": {
      "OA": 0.122,
      "AA": 0.1700403895308487,
      "kappa": 0.0034416901701578295,
      "per_class": [
        0.0025284450063211127,
        0.19842007434944237,
        0.0,
        0.0,
        0.006802721088435374,
        0.0033003300330033004,
        0.5306122448979592,
        0.03431372549019608,
        0.7543859649122807
      ]
    },
    "phitta": {
      "OA": 0.121,
      "AA": 0.16978223174480986,
      "kappa": 0.002754847190049148,
      "per_class": [
        0.0025284450063211127,
        0.19609665427509293,
        0.0,
        0.0,
        0.006802721088435374,
        0.0033003300330033004,
        0.5306122448979592,
        0.03431372549019608,
        0.7543859649122807
      ]
    }
  }
}
[RUN ] cross_S1_PaviaC2U_spectralformer_s44
{
  "tag": "cross_S1_PaviaC2U_spectralformer_s44",
  "pair": "S1_PaviaC2U",
  "model": "spectralformer",
  "seed": 44,
  "src_epochs_run": 30,
  "src_best_va_oa": 0.9902781528490413,
  "src_ckpt": "/root/freqtta-hsi/checkpoints/cross_S1_PaviaC2U_spectralformer_s44_src.pt",
  "tta": {
    "source_only": {
      "OA": 0.1624,
      "AA": 0.20206535438466305,
      "kappa": 0.015440516315405994,
      "per_class": [
        0.03286978508217446,
        0.20446096654275092,
        0.0,
        0.0,
        0.0,
        0.23267326732673269,
        0.7891156462585034,
        0.0857843137254902,
        0.47368421052631576
      ]
    },
    "tent": {
      "OA": 0.162,
      "AA": 0.20390456274673938,
      "kappa": 0.01651337419755483,
      "per_class": [
        0.0316055625790139,
        0.20306691449814127,
        0.0,
        0.0,
        0.0,
        0.22112211221122113,
        0.8027210884353742,
        0.10294117647058823,
        0.47368421052631576
      ]
    },
    "eata": {
      "OA": 0.1624,
      "AA": 0.2040078258611549,
      "kappa": 0.01675124374628645,
      "per_class": [
        0.0316055625790139,
        0.20399628252788105,
        0.0,
        0.0,
        0.0,
        0.22112211221122113,
        0.8027210884353742,
        0.10294117647058823,
        0.47368421052631576
      ]
    },
    "cotta_lite": {
      "OA": 0.1606,
      "AA": 0.20310524088729925,
      "kappa": 0.015208632638421427,
      "per_class": [
        0.0316055625790139,
        0.2016728624535316,
        0.0,
        0.0,
        0.0,
        0.21287128712871287,
        0.8027210884353742,
        0.1053921568627451,
        0.47368421052631576
      ]
    }
  }
}
[RUN ] cross_S1_PaviaC2U_hybridsn_s44
{
  "tag": "cross_S1_PaviaC2U_hybridsn_s44",
  "pair": "S1_PaviaC2U",
  "model": "hybridsn",
  "seed": 44,
  "src_epochs_run": 30,
  "src_best_va_oa": 0.9931136916014043,
  "src_ckpt": "/root/freqtta-hsi/checkpoints/cross_S1_PaviaC2U_hybridsn_s44_src.pt",
  "tta": {
    "source_only": {
      "OA": 0.1836,
      "AA": 0.1913772427744053,
      "kappa": 0.05781776746111578,
      "per_class": [
        0.04298356510745891,
        0.20724907063197026,
        0.0,
        0.0,
        0.0,
        0.0,
        0.02040816326530612,
        0.9166666666666666,
        0.5350877192982456
      ]
    },
    "tent": {
      "error": "optimizer got an empty parameter list"
    },
    "eata": {
      "error": "optimizer got an empty parameter list"
    },
    "cotta_lite": {
      "error": "optimizer got an empty parameter list"
    }
  }
}
[RUN ] cross_S2_PaviaC_noise_famssm_s44
{
  "tag": "cross_S2_PaviaC_noise_famssm_s44",
  "pair": "S2_PaviaC_noise",
  "model": "famssm",
  "seed": 44,
  "src_epochs_run": 30,
  "src_best_va_oa": 0.9950040507696463,
  "src_ckpt": "/root/freqtta-hsi/checkpoints/cross_S2_PaviaC_noise_famssm_s44_src.pt",
  "tta": {
    "source_only": {
      "OA": 0.85,
      "AA": 0.8291247802553001,
      "kappa": 0.7966571079239959,
      "per_class": [
        0.7919310970081596,
        0.9585253456221198,
        0.71875,
        0.8202247191011236,
        0.592436974789916,
        0.6718266253869969,
        0.9186046511627907,
        0.9898236092265943,
        1.0
      ]
    },
    "tent": {
      "OA": 0.9068,
      "AA": 0.8422110889382886,
      "kappa": 0.8695993493175429,
      "per_class": [
        0.9229374433363554,
        0.9631336405529954,
        0.71875,
        0.8202247191011236,
        0.5798319327731093,
        0.6718266253869969,
        0.9147286821705426,
        0.9884667571234735,
        1.0
      ]
    },
    "eata": {
      "OA": 0.906,
      "AA": 0.8415931324779771,
      "kappa": 0.8685158007639512,
      "per_class": [
        0.9215775158658205,
        0.9631336405529954,
        0.71875,
        0.8202247191011236,
        0.5756302521008403,
        0.6718266253869969,
        0.9147286821705426,
        0.9884667571234735,
        1.0
      ]
    },
    "cotta_lite": {
      "OA": 0.9076,
      "AA": 0.8415795882267921,
      "kappa": 0.8706124673681562,
      "per_class": [
        0.9256572982774252,
        0.9631336405529954,
        0.71875,
        0.8202247191011236,
        0.5714285714285714,
        0.6718266253869969,
        0.9147286821705426,
        0.9884667571234735,
        1.0
      ]
    },
    "smtta": {
      "OA": 0.9062,
      "AA": 0.8415398314430029,
      "kappa": 0.8687132691079019,
      "per_class": [
        0.9233907524932004,
        0.9631336405529954,
        0.7291666666666666,
        0.8202247191011236,
        0.5714285714285714,
        0.6594427244582043,
        0.9186046511627907,
        0.9884667571234735,
        1.0
      ]
    },
    "phitta": {
      "OA": 0.9278,
      "AA": 0.7988535415830106,
      "kappa": 0.8967316334349444,
      "per_class": [
        0.9941069809610155,
        0.9585253456221198,
        0.4479166666666667,
        0.8202247191011236,
        0.47058823529411764,
        0.6811145510835913,
        0.9263565891472868,
        0.9918588873812755,
        0.898989898989899
      ]
    }
  }
}
[RUN ] cross_S2_PaviaC_noise_s2mamba_s44
{
  "tag": "cross_S2_PaviaC_noise_s2mamba_s44",
  "pair": "S2_PaviaC_noise",
  "model": "s2mamba",
  "seed": 44,
  "src_epochs_run": 30,
  "src_best_va_oa": 0.992708614636781,
  "src_ckpt": "/root/freqtta-hsi/checkpoints/cross_S2_PaviaC_noise_s2mamba_s44_src.pt",
  "tta": {
    "source_only": {
      "OA": 0.916,
      "AA": 0.8493219656754452,
      "kappa": 0.881939398368796,
      "per_class": [
        0.9478694469628286,
        0.9216589861751152,
        0.8854166666666666,
        0.7303370786516854,
        0.6470588235294118,
        0.6687306501547987,
        0.8604651162790697,
        0.9823609226594301,
        1.0
      ]
    },
    "tent": {
      "OA": 0.9246,
      "AA": 0.8517450361296538,
      "kappa": 0.8935123365534412,
      "per_class": [
        0.9678150498640072,
        0.9262672811059908,
        0.8854166666666666,
        0.7303370786516854,
        0.6512605042016807,
        0.6501547987616099,
        0.872093023255814,
        0.9823609226594301,
        1.0
      ]
    },
    "eata": {
      "OA": 0.9244,
      "AA": 0.8524762544882167,
      "kappa": 0.8932491315619165,
      "per_class": [
        0.9673617407071623,
        0.9262672811059908,
        0.8854166666666666,
        0.7415730337078652,
        0.6470588235294118,
        0.6501547987616099,
        0.872093023255814,
        0.9823609226594301,
        1.0
      ]
    },
    "cotta_lite": {
      "OA": 0.9246,
      "AA": 0.8517450361296538,
      "kappa": 0.8935123365534412,
      "per_class": [
        0.9678150498640072,
        0.9262672811059908,
        0.8854166666666666,
        0.7303370786516854,
        0.6512605042016807,
        0.6501547987616099,
        0.872093023255814,
        0.9823609226594301,
        1.0
      ]
    },
    "smtta": {
      "OA": 0.9282,
      "AA": 0.8519771695072751,
      "kappa": 0.8983634016291638,
      "per_class": [
        0.9768812330009066,
        0.9354838709677419,
        0.875,
        0.7415730337078652,
        0.6428571428571429,
        0.6408668730650154,
        0.872093023255814,
        0.9830393487109905,
        1.0
      ]
    },
    "phitta": {
      "OA": 0.928,
      "AA": 0.8519017888348795,
      "kappa": 0.8980873082633019,
      "per_class": [
        0.9768812330009066,
        0.9354838709677419,
        0.875,
        0.7415730337078652,
        0.6428571428571429,
        0.6408668730650154,
        0.872093023255814,
        0.9823609226594301,
        1.0
      ]
    }
  }
}
[RUN ] cross_S2_PaviaC_noise_spectralformer_s44
{
  "tag": "cross_S2_PaviaC_noise_spectralformer_s44",
  "pair": "S2_PaviaC_noise",
  "model": "spectralformer",
  "seed": 44,
  "src_epochs_run": 30,
  "src_best_va_oa": 0.9902781528490413,
  "src_ckpt": "/root/freqtta-hsi/checkpoints/cross_S2_PaviaC_noise_spectralformer_s44_src.pt",
  "tta": {
    "source_only": {
      "OA": 0.7526,
      "AA": 0.5779063731690998,
      "kappa": 0.6565156536951391,
      "per_class": [
        0.8499546690843155,
        0.783410138248848,
        0.7916666666666666,
        0.12359550561797752,
        0.46638655462184875,
        0.2755417956656347,
        0.2596899224806202,
        0.8731343283582089,
        0.7777777777777778
      ]
    },
    "tent": {
      "OA": 0.7864,
      "AA": 0.5708556268179094,
      "kappa": 0.696831807225906,
      "per_class": [
        0.9392565729827742,
        0.7649769585253456,
        0.7916666666666666,
        0.10112359550561797,
        0.46638655462184875,
        0.30030959752321984,
        0.2558139534883721,
        0.8616010854816825,
        0.6565656565656566
      ]
    },
    "eata": {
      "OA": 0.7868,
      "AA": 0.5731141315191793,
      "kappa": 0.6974526993122583,
      "per_class": [
        0.9383499546690843,
        0.7649769585253456,
        0.7916666666666666,
        0.10112359550561797,
        0.46218487394957986,
        0.30030959752321984,
        0.2596899224806202,
        0.8629579375848032,
        0.6767676767676768
      ]
    },
    "cotta_lite": {
      "OA": 0.7886,
      "AA": 0.5676432311873775,
      "kappa": 0.6990638008657624,
      "per_class": [
        0.9483227561196736,
        0.7603686635944701,
        0.7916666666666666,
        0.10112359550561797,
        0.47058823529411764,
        0.30030959752321984,
        0.25193798449612403,
        0.8582089552238806,
        0.6262626262626263
      ]
    }
  }
}
[RUN ] cross_S2_PaviaC_noise_hybridsn_s44
{
  "tag": "cross_S2_PaviaC_noise_hybridsn_s44",
  "pair": "S2_PaviaC_noise",
  "model": "hybridsn",
  "seed": 44,
  "src_epochs_run": 30,
  "src_best_va_oa": 0.9944639481501485,
  "src_ckpt": "/root/freqtta-hsi/checkpoints/cross_S2_PaviaC_noise_hybridsn_s44_src.pt",
  "tta": {
    "source_only": {
      "OA": 0.4578,
      "AA": 0.4812159101153288,
      "kappa": 0.3035943368938817,
      "per_class": [
        0.058476881233000905,
        0.41935483870967744,
        0.9895833333333334,
        0.14606741573033707,
        0.2184873949579832,
        0.8173374613003096,
        0.6627906976744186,
        0.9986431478968792,
        0.020202020202020204
      ]
    },
    "tent": {
      "error": "optimizer got an empty parameter list"
    },
    "eata": {
      "error": "optimizer got an empty parameter list"
    },
    "cotta_lite": {
      "error": "optimizer got an empty parameter list"
    }
  }
}
=== Phase: ablation ===
[RUN ] ablation_S1_PaviaC2U_s42
{
  "A1_full": {
    "before": {
      "OA": 0.9244,
      "AA": 0.8487418964955481,
      "kappa": 0.8885014165629552,
      "per_class": [
        0.9859894921190894,
        0.7307692307692307,
        0.5825242718446602,
        0.8986058301647655,
        0.75,
        0.993304450571091,
        1.0
      ]
    },
    "after": {
      "OA": 0.9246,
      "AA": 0.8453699178901014,
      "kappa": 0.888666313391393,
      "per_class": [
        0.9859894921190894,
        0.7307692307692307,
        0.5533980582524272,
        0.926489226869455,
        0.726457399103139,
        0.994486018117369,
        1.0
      ]
    },
    "info": {
      "best_va_oa": 0.9961056552658314,
      "log": "/root/freqtta-hsi/logs/abl_A1_full_s42.jsonl",
      "epochs_run": 30
    }
  },
  "A4_full_ln_tent": {
    "before": {
      "OA": 0.9116,
      "AA": 0.8554593523181008,
      "kappa": 0.8696861044878041,
      "per_class": [
        0.9807355516637478,
        0.7307692307692307,
        0.7184466019417476,
        0.8960709759188846,
        0.6692825112107623,
        0.9929105947223317,
        1.0
      ]
    },
    "after": {
      "OA": 0.912,
      "AA": 0.8588576617384234,
      "kappa": 0.8701471250780076,
      "per_class": [
        0.9807355516637478,
        0.7307692307692307,
        0.7475728155339806,
        0.8973384030418251,
        0.6603139013452914,
        0.9952737298148877,
        1.0
      ]
    },
    "info": {
      "best_va_oa": 0.9962749746020996,
      "log": "/root/freqtta-hsi/logs/abl_A4_fullLN_s42.jsonl",
      "epochs_run": 30
    }
  },
  "A5_no_rec": {
    "before": {
      "OA": 0.9264,
      "AA": 0.869986461479756,
      "kappa": 0.8916175799348327,
      "per_class": [
        0.9859894921190894,
        0.8846153846153846,
        0.5922330097087378,
        0.7782002534854245,
        0.852017937219731,
        0.9968491532099252,
        1.0
      ]
    },
    "after": {
      "OA": 0.93,
      "AA": 0.8734394823153678,
      "kappa": 0.8968319022640858,
      "per_class": [
        0.9877408056042032,
        0.8846153846153846,
        0.5922330097087378,
        0.8010139416983524,
        0.852017937219731,
        0.9964552973611658,
        1.0
      ]
    },
    "info": {
      "best_va_oa": 0.997460209955977,
      "log": "/root/freqtta-hsi/logs/abl_A5_norec_s42.jsonl",
      "epochs_run": 30
    }
  },
  "A6_no_ent": {
    "before": {
      "OA": 0.9116,
      "AA": 0.8166070614842555,
      "kappa": 0.8703011302581594,
      "per_class": [
        0.9772329246935202,
        0.6538461538461539,
        0.5242718446601942,
        0.7655259822560203,
        0.8161434977578476,
        0.9917290271760536,
        0.9875
      ]
    },
    "after": {
      "OA": 0.913,
      "AA": 0.8200791621468795,
      "kappa": 0.8722046981078363,
      "per_class": [
        0.9772329246935202,
        0.6538461538461539,
        0.5436893203883495,
        0.7782002534854245,
        0.8071748878923767,
        0.9929105947223317,
        0.9875
      ]
    },
    "info": {
      "best_va_oa": 0.997460209955977,
      "log": "/root/freqtta-hsi/logs/abl_A6_noent_s42.jsonl",
      "epochs_run": 30
    }
  }
}
[RUN ] ablation_S1_PaviaC2U_s43
{
  "A1_full": {
    "before": {
      "OA": 0.9192,
      "AA": 0.8544373986653808,
      "kappa": 0.8805590027882969,
      "per_class": [
        0.9703703703703703,
        0.75,
        0.6494845360824743,
        0.8698884758364313,
        0.7464324917672887,
        0.9948859166011015,
        1.0
      ]
    },
    "after": {
      "OA": 0.917,
      "AA": 0.8600894520568617,
      "kappa": 0.8772396080518038,
      "per_class": [
        0.9777777777777777,
        0.8,
        0.6494845360824743,
        0.8736059479553904,
        0.7244785949506037,
        0.995279307631786,
        1.0
      ]
    },
    "info": {
      "best_va_oa": 0.9966136132746359,
      "log": "/root/freqtta-hsi/logs/abl_A1_full_s43.jsonl",
      "epochs_run": 30
    }
  },
  "A4_full_ln_tent": {
    "before": {
      "OA": 0.9278,
      "AA": 0.842949192741992,
      "kappa": 0.8933684636492797,
      "per_class": [
        0.9574074074074074,
        0.65,
        0.6185567010309279,
        0.872366790582404,
        0.8090010976948409,
        0.9933123524783635,
        1.0
      ]
    },
    "after": {
      "OA": 0.9282,
      "AA": 0.8432628198393731,
      "kappa": 0.8939623647326032,
      "per_class": [
        0.9574074074074074,
        0.65,
        0.6185567010309279,
        0.872366790582404,
        0.8111964873765093,
        0.9933123524783635,
        1.0
      ]
    },
    "info": {
      "best_va_oa": 0.9961056552658314,
      "log": "/root/freqtta-hsi/logs/abl_A4_fullLN_s43.jsonl",
      "epochs_run": 30
    }
  },
  "A5_no_rec": {
    "before": {
      "OA": 0.9116,
      "AA": 0.8877999947481777,
      "kappa": 0.8701150627738016,
      "per_class": [
        0.9962962962962963,
        1.0,
        0.7525773195876289,
        0.6604708798017348,
        0.8562019758507134,
        0.9972462627852084,
        0.9518072289156626
      ]
    },
    "after": {
      "OA": 0.916,
      "AA": 0.8960987256784031,
      "kappa": 0.8764578633952238,
      "per_class": [
        0.9962962962962963,
        1.0,
        0.7628865979381443,
        0.6852540272614622,
        0.8551042810098792,
        0.9972462627852084,
        0.9759036144578314
      ]
    },
    "info": {
      "best_va_oa": 0.9972908906197088,
      "log": "/root/freqtta-hsi/logs/abl_A5_norec_s43.jsonl",
      "epochs_run": 30
    }
  },
  "A6_no_ent": {
    "before": {
      "OA": 0.9226,
      "AA": 0.8650242993004428,
      "kappa": 0.885759216205495,
      "per_class": [
        0.9722222222222222,
        0.85,
        0.5979381443298969,
        0.8463444857496902,
        0.7969264544456641,
        0.9917387883556255,
        1.0
      ]
    },
    "after": {
      "OA": 0.9222,
      "AA": 0.8601449179471076,
      "kappa": 0.885124720297889,
      "per_class": [
        0.9685185185185186,
        0.85,
        0.5670103092783505,
        0.8463444857496902,
        0.7958287596048299,
        0.9933123524783635,
        1.0
      ]
    },
    "info": {
      "best_va_oa": 0.9957670165932949,
      "log": "/root/freqtta-hsi/logs/abl_A6_noent_s43.jsonl",
      "epochs_run": 30
    }
  }
}
[RUN ] ablation_S1_PaviaC2U_s44
{
  "A1_full": {
    "before": {
      "OA": 0.9278,
      "AA": 0.8739631086418572,
      "kappa": 0.8941862341038999,
      "per_class": [
        0.9928825622775801,
        0.8333333333333334,
        0.6494845360824743,
        0.8361508452535761,
        0.8106694560669456,
        0.995221027479092,
        1.0
      ]
    },
    "after": {
      "OA": 0.9284,
      "AA": 0.8615151335317586,
      "kappa": 0.8950047852009069,
      "per_class": [
        0.9928825622775801,
        0.75,
        0.6391752577319587,
        0.8439531859557867,
        0.8085774058577406,
        0.9960175228992433,
        1.0
      ]
    },
    "info": {
      "best_va_oa": 0.9971215712834406,
      "log": "/root/freqtta-hsi/logs/abl_A1_full_s44.jsonl",
      "epochs_run": 30
    }
  },
  "A4_full_ln_tent": {
    "before": {
      "OA": 0.9242,
      "AA": 0.8899107701589887,
      "kappa": 0.8891941102254891,
      "per_class": [
        0.9839857651245552,
        1.0,
        0.6082474226804123,
        0.8309492847854356,
        0.8169456066945606,
        0.989247311827957,
        1.0
      ]
    },
    "after": {
      "OA": 0.9244,
      "AA": 0.8900403384068374,
      "kappa": 0.8894627209809814,
      "per_class": [
        0.9839857651245552,
        1.0,
        0.6082474226804123,
        0.8335500650195059,
        0.8148535564853556,
        0.9896455595380327,
        1.0
      ]
    },
    "info": {
      "best_va_oa": 0.9961056552658314,
      "log": "/root/freqtta-hsi/logs/abl_A4_fullLN_s44.jsonl",
      "epochs_run": 30
    }
  },
  "A5_no_rec": {
    "before": {
      "OA": 0.9396,
      "AA": 0.9026801358226751,
      "kappa": 0.9113594091253434,
      "per_class": [
        0.9928825622775801,
        1.0,
        0.6701030927835051,
        0.8374512353706112,
        0.8744769874476988,
        0.9932297889287136,
        0.9506172839506173
      ]
    },
    "after": {
      "OA": 0.9432,
      "AA": 0.9060966718414605,
      "kappa": 0.9165648503226296,
      "per_class": [
        0.9928825622775801,
        1.0,
        0.6701030927835051,
        0.8634590377113134,
        0.8723849372384938,
        0.9932297889287136,
        0.9506172839506173
      ]
    },
    "info": {
      "best_va_oa": 0.9971215712834406,
      "log": "/root/freqtta-hsi/logs/abl_A5_norec_s44.jsonl",
      "epochs_run": 30
    }
  },
  "A6_no_ent": {
    "before": {
      "OA": 0.935,
      "AA": 0.9001504117825794,
      "kappa": 0.9047925552816901,
      "per_class": [
        0.994661921708185,
        0.9583333333333334,
        0.6494845360824743,
        0.9076723016905072,
        0.801255230125523,
        0.9896455595380327,
        1.0
      ]
    },
    "after": {
      "OA": 0.9334,
      "AA": 0.9005576880656415,
      "kappa": 0.9024854211312042,
      "per_class": [
        0.9928825622775801,
        1.0,
        0.6185567010309279,
        0.8998699609882965,
        0.803347280334728,
        0.989247311827957,
        1.0
      ]
    },
    "info": {
      "best_va_oa": 0.9972908906197088,
      "log": "/root/freqtta-hsi/logs/abl_A6_noent_s44.jsonl",
      "epochs_run": 30
    }
  }
}
ALL DONE: Sat May 23 21:56:29 UTC 2026
