{
  "tag": "cross_S2_PaviaC_noise_famssm_s42",
  "pair": "S2_PaviaC_noise",
  "model": "famssm",
  "seed": 42,
  "src_epochs_run": 40,
  "src_best_va_oa": 0.9944639481501485,
  "src_ckpt": "/root/freqtta-hsi/checkpoints/cross_S2_PaviaC_noise_famssm_s42_src.pt",
  "tta": {
    "source_only": {
      "OA": 0.9944,
      "AA": 0.9827549368956956,
      "kappa": 0.9920889299209724,
      "per_class": [
        1.0,
        0.9782608695652174,
        0.9568965517241379,
        0.96875,
        0.9854368932038835,
        0.9903846153846154,
        0.9650655021834061,
        1.0,
        1.0
      ]
    },
    "tent": {
      "OA": 0.9944,
      "AA": 0.9827549368956956,
      "kappa": 0.9920889299209724,
      "per_class": [
        1.0,
        0.9782608695652174,
        0.9568965517241379,
        0.96875,
        0.9854368932038835,
        0.9903846153846154,
        0.9650655021834061,
        1.0,
        1.0
      ]
    },
    "eata": {
      "OA": 0.9944,
      "AA": 0.9827549368956956,
      "kappa": 0.9920889299209724,
      "per_class": [
        1.0,
        0.9782608695652174,
        0.9568965517241379,
        0.96875,
        0.9854368932038835,
        0.9903846153846154,
        0.9650655021834061,
        1.0,
        1.0
      ]
    },
    "cotta_lite": {
      "OA": 0.9944,
      "AA": 0.9827549368956956,
      "kappa": 0.9920889299209724,
      "per_class": [
        1.0,
        0.9782608695652174,
        0.9568965517241379,
        0.96875,
        0.9854368932038835,
        0.9903846153846154,
        0.9650655021834061,
        1.0,
        1.0
      ]
    },
    "smtta": {
      "OA": 0.9944,
      "AA": 0.9827549368956956,
      "kappa": 0.9920889299209724,
      "per_class": [
        1.0,
        0.9782608695652174,
        0.9568965517241379,
        0.96875,
        0.9854368932038835,
        0.9903846153846154,
        0.9650655021834061,
        1.0,
        1.0
      ]
    },
    "phitta": {
      "OA": 0.9944,
      "AA": 0.9827549368956956,
      "kappa": 0.9920889299209724,
      "per_class": [
        1.0,
        0.9782608695652174,
        0.9568965517241379,
        0.96875,
        0.9854368932038835,
        0.9903846153846154,
        0.9650655021834061,
        1.0,
        1.0
      ]
    }
  }
}
