{
  "tag": "cross_S2_PaviaC_noise_famssm_s42",
  "pair": "S2_PaviaC_noise",
  "model": "famssm",
  "seed": 42,
  "src_epochs_run": 40,
  "src_best_va_oa": 0.9945989738050229,
  "src_ckpt": "/root/freqtta-hsi/checkpoints/cross_S2_PaviaC_noise_famssm_s42_src.pt",
  "tta": {
    "source_only": {
      "OA": 0.9886,
      "AA": 0.9664599938644621,
      "kappa": 0.9838876773238845,
      "per_class": [
        1.0,
        0.9782608695652174,
        0.896551724137931,
        0.9479166666666666,
        0.9563106796116505,
        0.9423076923076923,
        0.9781659388646288,
        0.9986263736263736,
        1.0
      ]
    },
    "tent": {
      "OA": 0.9884,
      "AA": 0.9659747925058986,
      "kappa": 0.9836051282706497,
      "per_class": [
        1.0,
        0.9782608695652174,
        0.896551724137931,
        0.9479166666666666,
        0.9563106796116505,
        0.9423076923076923,
        0.9737991266375546,
        0.9986263736263736,
        1.0
      ]
    },
    "eata": {
      "OA": 0.9884,
      "AA": 0.9659747925058986,
      "kappa": 0.9836051282706497,
      "per_class": [
        1.0,
        0.9782608695652174,
        0.896551724137931,
        0.9479166666666666,
        0.9563106796116505,
        0.9423076923076923,
        0.9737991266375546,
        0.9986263736263736,
        1.0
      ]
    },
    "cotta_lite": {
      "OA": 0.9884,
      "AA": 0.9659747925058986,
      "kappa": 0.9836051282706497,
      "per_class": [
        1.0,
        0.9782608695652174,
        0.896551724137931,
        0.9479166666666666,
        0.9563106796116505,
        0.9423076923076923,
        0.9737991266375546,
        0.9986263736263736,
        1.0
      ]
    },
    "smtta": {
      "OA": 0.9886,
      "AA": 0.9664599938644621,
      "kappa": 0.9838876773238845,
      "per_class": [
        1.0,
        0.9782608695652174,
        0.896551724137931,
        0.9479166666666666,
        0.9563106796116505,
        0.9423076923076923,
        0.9781659388646288,
        0.9986263736263736,
        1.0
      ]
    },
    "phitta": {
      "OA": 0.9884,
      "AA": 0.9659747925058986,
      "kappa": 0.9836051282706497,
      "per_class": [
        1.0,
        0.9782608695652174,
        0.896551724137931,
        0.9479166666666666,
        0.9563106796116505,
        0.9423076923076923,
        0.9737991266375546,
        0.9986263736263736,
        1.0
      ]
    }
  }
}
