[cross_sensor] loaded spec_enc from finetune ckpt /root/spectralclip-tmp/checkpoints/finetune_PaviaU_s42.pt
{
  "OA": 0.48272086395680214,
  "AA": 0.1924719217204539,
  "kappa": 0.33591005214483716,
  "dataset": "PaviaC",
  "seed": 42,
  "mode": "cross_sensor_zero_shot",
  "n_test": 133340,
  "src_dataset": "PaviaU",
  "tgt_dataset": "PaviaC"
}
[cross_sensor] loaded spec_enc from finetune ckpt /root/spectralclip-tmp/checkpoints/finetune_PaviaU_s42.pt
{
  "OA": 0.2105149051490515,
  "AA": 0.10271644048164953,
  "kappa": 0.10531244909297632,
  "dataset": "IndianPines",
  "seed": 42,
  "mode": "cross_sensor_zero_shot",
  "n_test": 9225,
  "src_dataset": "PaviaU",
  "tgt_dataset": "IndianPines"
}
[cross_sensor] loaded spec_enc from finetune ckpt /root/spectralclip-tmp/checkpoints/finetune_PaviaU_s42.pt
{
  "OA": 0.10862737853316091,
  "AA": 0.1803237453094561,
  "kappa": 0.06577027680724346,
  "dataset": "Salinas",
  "seed": 42,
  "mode": "cross_sensor_zero_shot",
  "n_test": 48717,
  "src_dataset": "PaviaU",
  "tgt_dataset": "Salinas"
}
